<?xml version="1.0" encoding="UTF-8"?>
<!-- Generated by org.testng.reporters.JUnitReportReporter -->
<testsuite hostname="LAPTOP-95NO9S2C" failures="0" tests="1" name="kdf.Application" time="25.904" errors="0" timestamp="2022-02-20T21:43:41 IST" skipped="0">
  <testcase classname="kdf.Application" name="veirfyInvalidLogin" time="25.904"/>
  <system-out/>
</testsuite> <!-- kdf.Application -->
